{
  "RSpec": {
    "coverage": {
      "/Users/eleanorkavanagh-brown/Desktop/RPS/spec/computer_spec.rb": [
        1,
        null,
        2,
        null,
        1,
        1,
        1,
        1,
        null,
        null,
        null,
        null
      ],
      "/Users/eleanorkavanagh-brown/Desktop/RPS/spec/features/enter_name_spec.rb": [
        1,
        null,
        1,
        1,
        1,
        1,
        1,
        null,
        null
      ],
      "/Users/eleanorkavanagh-brown/Desktop/RPS/spec/features/play_spec.rb": [
        1,
        null,
        1,
        1,
        1,
        1,
        1,
        1,
        1,
        1,
        null,
        null
      ],
      "/Users/eleanorkavanagh-brown/Desktop/RPS/spec/features/results_spec.rb": [
        1,
        1,
        null,
        1,
        null,
        1,
        1,
        1,
        1,
        1,
        1,
        null,
        1,
        1,
        1,
        null,
        1,
        1,
        1,
        1,
        null,
        1,
        1,
        1,
        1,
        1,
        null,
        null
      ]
    },
    "timestamp": 1485165163
  }
}
